<?xml version="1.0" encoding="UTF-8"?>
<!-- Generated by org.testng.reporters.JUnitXMLReporter -->
<testsuite ignored="0" hostname="LAPTOP-1BGLIOF3" failures="0" tests="4" name="Test" time="0.12" errors="0" timestamp="2023-03-10T15:36:17 IST">
  <testcase classname="practice.PracticeClass2Test" name="method3" time="0.014"/>
  <testcase classname="practice.PracticeClass2Test" name="method4" time="0.003"/>
  <testcase classname="practice.PracticeClass1Test" name="method1" time="0.002"/>
  <testcase classname="practice.PracticeClass1Test" name="method2" time="0.001"/>
</testsuite> <!-- Test -->
